<?xml version="1.0" encoding="UTF-8"?>
<!-- Generated by org.testng.reporters.JUnitReportReporter -->
<testsuite hostname="Harishyam" failures="1" tests="10" name="webAPI.TestAlbum" time="7.324" errors="0" timestamp="2024-12-06T04:25:49 IST" skipped="2">
  <testcase classname="webAPI.TestAlbum" name="getArtist" time="3.945"/>
  <system-out/>
  <testcase classname="webAPI.TestAlbum" name="getAlbum" time="0.324">
    <skipped/>
  </testcase> <!-- getAlbum -->
  <system-out/>
  <testcase classname="webAPI.TestAlbum" name="getAlbum" time="0.235">
    <failure message="
Expected: is &lt;400&gt;
     but: was &lt;200&gt;" type="java.lang.AssertionError">
      <![CDATA[java.lang.AssertionError: 
Expected: is <400>
     but: was <200>
at org.hamcrest.MatcherAssert.assertThat(MatcherAssert.java:20)
at org.hamcrest.MatcherAssert.assertThat(MatcherAssert.java:6)
at webAPI.TestAlbum.getAlbum(TestAlbum.java:72)
at java.base/jdk.internal.reflect.NativeMethodAccessorImpl.invoke0(Native Method)
at java.base/jdk.internal.reflect.NativeMethodAccessorImpl.invoke(NativeMethodAccessorImpl.java:77)
at java.base/jdk.internal.reflect.DelegatingMethodAccessorImpl.invoke(DelegatingMethodAccessorImpl.java:43)
at java.base/java.lang.reflect.Method.invoke(Method.java:568)
at org.testng.internal.invokers.MethodInvocationHelper.invokeMethod(MethodInvocationHelper.java:139)
at org.testng.internal.invokers.TestInvoker.invokeMethod(TestInvoker.java:677)
at org.testng.internal.invokers.TestInvoker.retryFailed(TestInvoker.java:263)
at org.testng.internal.invokers.MethodRunner.runInSequence(MethodRunner.java:62)
at org.testng.internal.invokers.TestInvoker$MethodInvocationAgent.invoke(TestInvoker.java:969)
at org.testng.internal.invokers.TestInvoker.invokeTestMethods(TestInvoker.java:194)
at org.testng.internal.invokers.TestMethodWorker.invokeTestMethods(TestMethodWorker.java:148)
at org.testng.internal.invokers.TestMethodWorker.run(TestMethodWorker.java:128)
at java.base/java.util.ArrayList.forEach(ArrayList.java:1511)
at org.testng.TestRunner.privateRun(TestRunner.java:829)
at org.testng.TestRunner.run(TestRunner.java:602)
at org.testng.SuiteRunner.runTest(SuiteRunner.java:437)
at org.testng.SuiteRunner.runSequentially(SuiteRunner.java:431)
at org.testng.SuiteRunner.privateRun(SuiteRunner.java:391)
at org.testng.SuiteRunner.run(SuiteRunner.java:330)
at org.testng.SuiteRunnerWorker.runSuite(SuiteRunnerWorker.java:52)
at org.testng.SuiteRunnerWorker.run(SuiteRunnerWorker.java:95)
at org.testng.TestNG.runSuitesSequentially(TestNG.java:1256)
at org.testng.TestNG.runSuitesLocally(TestNG.java:1176)
at org.testng.TestNG.runSuites(TestNG.java:1099)
at org.testng.TestNG.run(TestNG.java:1067)
at org.testng.remote.AbstractRemoteTestNG.run(AbstractRemoteTestNG.java:115)
at org.testng.remote.RemoteTestNG.initAndRun(RemoteTestNG.java:293)
at org.testng.remote.RemoteTestNG.main(RemoteTestNG.java:91)
]]>
    </failure>
  </testcase> <!-- getAlbum -->
  <system-out/>
  <testcase classname="webAPI.TestAlbum" name="getAlbum" time="0.227">
    <skipped/>
  </testcase> <!-- getAlbum -->
  <system-out/>
  <testcase classname="webAPI.TestAlbum" name="getSeveralAlbums" time="0.229"/>
  <system-out/>
  <testcase classname="webAPI.TestAlbum" name="getAlbumTracks" time="0.244"/>
  <system-out/>
  <testcase classname="webAPI.TestAlbum" name="getUserSavedAlbums" time="0.408"/>
  <system-out/>
  <testcase classname="webAPI.TestAlbum" name="saveAlbumForUser" time="0.620"/>
  <system-out/>
  <testcase classname="webAPI.TestAlbum" name="removeAlbumForUser" time="0.610"/>
  <system-out/>
  <testcase classname="webAPI.TestAlbum" name="getNewRelease" time="0.482"/>
  <system-out/>
</testsuite> <!-- webAPI.TestAlbum -->
