<?xml version="1.0" encoding="UTF-8"?>
<!-- Generated by org.testng.reporters.JUnitReportReporter -->
<testsuite hostname="Harishyam" failures="1" tests="10" name="webAPI.TestAlbum" time="8.172" errors="0" timestamp="2024-12-06T03:38:56 IST" skipped="2">
  <testcase classname="webAPI.TestAlbum" name="getArtist" time="3.319"/>
  <system-out/>
  <testcase classname="webAPI.TestAlbum" name="getAlbum" time="0.313">
    <skipped/>
  </testcase> <!-- getAlbum -->
  <system-out/>
  <testcase classname="webAPI.TestAlbum" name="getAlbum" time="0.247">
    <failure message="
Expected: is &lt;400&gt;
     but: was &lt;200&gt;" type="java.lang.AssertionError">
      <![CDATA[java.lang.AssertionError: 
Expected: is <400>
     but: was <200>
at org.hamcrest.MatcherAssert.assertThat(MatcherAssert.java:20)
at org.hamcrest.MatcherAssert.assertThat(MatcherAssert.java:6)
at webAPI.TestAlbum.getAlbum(TestAlbum.java:72)
at java.base/jdk.internal.reflect.NativeMethodAccessorImpl.invoke0(Native Method)
at java.base/jdk.internal.reflect.NativeMethodAccessorImpl.invoke(NativeMethodAccessorImpl.java:77)
at java.base/jdk.internal.reflect.DelegatingMethodAccessorImpl.invoke(DelegatingMethodAccessorImpl.java:43)
at java.base/java.lang.reflect.Method.invoke(Method.java:568)
at org.testng.internal.invokers.MethodInvocationHelper.invokeMethod(MethodInvocationHelper.java:139)
at org.testng.internal.invokers.TestInvoker.invokeMethod(TestInvoker.java:677)
at org.testng.internal.invokers.TestInvoker.retryFailed(TestInvoker.java:263)
at org.testng.internal.invokers.MethodRunner.runInSequence(MethodRunner.java:62)
at org.testng.internal.invokers.TestInvoker$MethodInvocationAgent.invoke(TestInvoker.java:969)
at org.testng.internal.invokers.TestInvoker.invokeTestMethods(TestInvoker.java:194)
at org.testng.internal.invokers.TestMethodWorker.invokeTestMethods(TestMethodWorker.java:148)
at org.testng.internal.invokers.TestMethodWorker.run(TestMethodWorker.java:128)
at java.base/java.util.ArrayList.forEach(ArrayList.java:1511)
at org.testng.TestRunner.privateRun(TestRunner.java:829)
at org.testng.TestRunner.run(TestRunner.java:602)
at org.testng.SuiteRunner.runTest(SuiteRunner.java:437)
at org.testng.SuiteRunner.runSequentially(SuiteRunner.java:431)
at org.testng.SuiteRunner.privateRun(SuiteRunner.java:391)
at org.testng.SuiteRunner.run(SuiteRunner.java:330)
at org.testng.SuiteRunnerWorker.runSuite(SuiteRunnerWorker.java:52)
at org.testng.SuiteRunnerWorker.run(SuiteRunnerWorker.java:95)
at org.testng.TestNG.runSuitesSequentially(TestNG.java:1256)
at org.testng.TestNG.runSuitesLocally(TestNG.java:1176)
at org.testng.TestNG.runSuites(TestNG.java:1099)
at org.testng.TestNG.run(TestNG.java:1067)
at org.apache.maven.surefire.testng.TestNGExecutor.run(TestNGExecutor.java:324)
at org.apache.maven.surefire.testng.TestNGXmlTestSuite.execute(TestNGXmlTestSuite.java:74)
at org.apache.maven.surefire.testng.TestNGProvider.invoke(TestNGProvider.java:123)
at org.apache.maven.surefire.booter.ForkedBooter.runSuitesInProcess(ForkedBooter.java:456)
at org.apache.maven.surefire.booter.ForkedBooter.execute(ForkedBooter.java:169)
at org.apache.maven.surefire.booter.ForkedBooter.run(ForkedBooter.java:595)
at org.apache.maven.surefire.booter.ForkedBooter.main(ForkedBooter.java:581)
]]>
    </failure>
  </testcase> <!-- getAlbum -->
  <system-out/>
  <testcase classname="webAPI.TestAlbum" name="getAlbum" time="0.270">
    <skipped/>
  </testcase> <!-- getAlbum -->
  <system-out/>
  <testcase classname="webAPI.TestAlbum" name="getSeveralAlbums" time="0.265"/>
  <system-out/>
  <testcase classname="webAPI.TestAlbum" name="getAlbumTracks" time="0.252"/>
  <system-out/>
  <testcase classname="webAPI.TestAlbum" name="getUserSavedAlbums" time="0.540"/>
  <system-out/>
  <testcase classname="webAPI.TestAlbum" name="saveAlbumForUser" time="1.933"/>
  <system-out/>
  <testcase classname="webAPI.TestAlbum" name="removeAlbumForUser" time="0.620"/>
  <system-out/>
  <testcase classname="webAPI.TestAlbum" name="getNewRelease" time="0.413"/>
  <system-out/>
</testsuite> <!-- webAPI.TestAlbum -->
